  AileronTest2.cpp
M:\(62,35): warning C4244: 'initializing': conversion from 'uint64_t' to 'uint32_t', possible loss of data
  (compiling source file '../../../../#MERLIN%20MACHINEWORKS#/IRIS%20Dynamics/IrisHAWK/AileronJoystick/AileronTest2.cpp')
  
M:\(44,28): warning C4244: '=': conversion from 'double' to 'uint32_t', possible loss of data
  (compiling source file '../../../../#MERLIN%20MACHINEWORKS#/IRIS%20Dynamics/IrisHAWK/AileronJoystick/AileronTest2.cpp')
  
M:\(45,26): warning C4244: '=': conversion from 'float' to 'uint32_t', possible loss of data
  (compiling source file '../../../../#MERLIN%20MACHINEWORKS#/IRIS%20Dynamics/IrisHAWK/AileronJoystick/AileronTest2.cpp')
  
M:\(66,45): warning C4244: '=': conversion from 'unsigned __int64' to 'int32_t', possible loss of data
  (compiling source file '../../../../#MERLIN%20MACHINEWORKS#/IRIS%20Dynamics/IrisHAWK/AileronJoystick/AileronTest2.cpp')
  
M:\(80,44): warning C4244: '=': conversion from 'unsigned __int64' to 'int32_t', possible loss of data
  (compiling source file '../../../../#MERLIN%20MACHINEWORKS#/IRIS%20Dynamics/IrisHAWK/AileronJoystick/AileronTest2.cpp')
  
M:\(107,24): warning C4244: '=': conversion from 'double' to 'uint32_t', possible loss of data
  (compiling source file '../../../../#MERLIN%20MACHINEWORKS#/IRIS%20Dynamics/IrisHAWK/AileronJoystick/AileronTest2.cpp')
  
M:\(165,38): warning C4244: '=': conversion from 'float' to 'int32_t', possible loss of data
  (compiling source file '../../../../#MERLIN%20MACHINEWORKS#/IRIS%20Dynamics/IrisHAWK/AileronJoystick/AileronTest2.cpp')
  
M:\(186,47): warning C4244: '=': conversion from 'uint64_t' to 'short', possible loss of data
  (compiling source file '../../../../#MERLIN%20MACHINEWORKS#/IRIS%20Dynamics/IrisHAWK/AileronJoystick/AileronTest2.cpp')
  
M:\(191,31): warning C4244: '=': conversion from 'uint64_t' to 'short', possible loss of data
  (compiling source file '../../../../#MERLIN%20MACHINEWORKS#/IRIS%20Dynamics/IrisHAWK/AileronJoystick/AileronTest2.cpp')
  
M:\(196,32): warning C4244: '=': conversion from 'uint64_t' to 'short', possible loss of data
  (compiling source file '../../../../#MERLIN%20MACHINEWORKS#/IRIS%20Dynamics/IrisHAWK/AileronJoystick/AileronTest2.cpp')
  
M:\(201,32): warning C4244: '=': conversion from 'uint64_t' to 'short', possible loss of data
  (compiling source file '../../../../#MERLIN%20MACHINEWORKS#/IRIS%20Dynamics/IrisHAWK/AileronJoystick/AileronTest2.cpp')
  
M:\(313,26): warning C4244: '=': conversion from 'uint16_t' to 'uint8_t', possible loss of data
  (compiling source file '../../../../#MERLIN%20MACHINEWORKS#/IRIS%20Dynamics/IrisHAWK/AileronJoystick/AileronTest2.cpp')
  
M:\(315,26): warning C4244: '=': conversion from 'uint16_t' to 'uint8_t', possible loss of data
  (compiling source file '../../../../#MERLIN%20MACHINEWORKS#/IRIS%20Dynamics/IrisHAWK/AileronJoystick/AileronTest2.cpp')
  
M:\(341,54): warning C4267: 'argument': conversion from 'size_t' to 'DWORD', possible loss of data
  (compiling source file '../../../../#MERLIN%20MACHINEWORKS#/IRIS%20Dynamics/IrisHAWK/AileronJoystick/AileronTest2.cpp')
  
M:\(349,39): warning C4312: 'type cast': conversion from 'DWORD' to 'LPCWSTR' of greater size
  (compiling source file '../../../../#MERLIN%20MACHINEWORKS#/IRIS%20Dynamics/IrisHAWK/AileronJoystick/AileronTest2.cpp')
  
M:\(438,35): warning C4312: 'type cast': conversion from 'DWORD' to 'LPCWSTR' of greater size
  (compiling source file '../../../../#MERLIN%20MACHINEWORKS#/IRIS%20Dynamics/IrisHAWK/AileronJoystick/AileronTest2.cpp')
  
M:\(498,31): warning C4244: 'return': conversion from 'LONGLONG' to 'uint32_t', possible loss of data
  (compiling source file '../../../../#MERLIN%20MACHINEWORKS#/IRIS%20Dynamics/IrisHAWK/AileronJoystick/AileronTest2.cpp')
  
M:\(232,38): warning C4244: '=': conversion from 'uint64_t' to 'uint32_t', possible loss of data
  (compiling source file '../../../../#MERLIN%20MACHINEWORKS#/IRIS%20Dynamics/IrisHAWK/AileronJoystick/AileronTest2.cpp')
  
M:\(444,43): warning C4244: 'return': conversion from 'uint16_t' to 'uint8_t', possible loss of data
  (compiling source file '../../../../#MERLIN%20MACHINEWORKS#/IRIS%20Dynamics/IrisHAWK/AileronJoystick/AileronTest2.cpp')
  
M:\(748,32): warning C4244: '=': conversion from 'uint16_t' to 'uint8_t', possible loss of data
  (compiling source file '../../../../#MERLIN%20MACHINEWORKS#/IRIS%20Dynamics/IrisHAWK/AileronJoystick/AileronTest2.cpp')
  
M:\(846,51): warning C4244: 'argument': conversion from 'uint16_t' to 'uint8_t', possible loss of data
  (compiling source file '../../../../#MERLIN%20MACHINEWORKS#/IRIS%20Dynamics/IrisHAWK/AileronJoystick/AileronTest2.cpp')
  
M:\(850,52): warning C4244: 'argument': conversion from 'uint16_t' to 'uint8_t', possible loss of data
  (compiling source file '../../../../#MERLIN%20MACHINEWORKS#/IRIS%20Dynamics/IrisHAWK/AileronJoystick/AileronTest2.cpp')
  
M:\(29,48): warning C4838: conversion from 'int' to 'float' requires a narrowing conversion
M:\(29,48): warning C4244: 'initializing': conversion from 'int' to 'float', possible loss of data
M:\(29,70): warning C4838: conversion from 'int' to 'float' requires a narrowing conversion
M:\(29,70): warning C4244: 'initializing': conversion from 'int' to 'float', possible loss of data
M:\(31,51): warning C4838: conversion from 'int' to 'float' requires a narrowing conversion
M:\(31,51): warning C4244: 'initializing': conversion from 'int' to 'float', possible loss of data
M:\(31,78): warning C4838: conversion from 'int' to 'float' requires a narrowing conversion
M:\(31,78): warning C4244: 'initializing': conversion from 'int' to 'float', possible loss of data
M:\(32,53): warning C4838: conversion from 'int' to 'float' requires a narrowing conversion
M:\(32,53): warning C4244: 'initializing': conversion from 'int' to 'float', possible loss of data
M:\(32,80): warning C4838: conversion from 'int' to 'float' requires a narrowing conversion
M:\(32,80): warning C4244: 'initializing': conversion from 'int' to 'float', possible loss of data
M:\(33,64): warning C4838: conversion from 'int' to 'float' requires a narrowing conversion
M:\(33,64): warning C4244: 'initializing': conversion from 'int' to 'float', possible loss of data
M:\(33,91): warning C4838: conversion from 'int' to 'float' requires a narrowing conversion
M:\(33,91): warning C4244: 'initializing': conversion from 'int' to 'float', possible loss of data
M:\(34,28): warning C4838: conversion from 'int' to 'float' requires a narrowing conversion
M:\(34,28): warning C4244: 'initializing': conversion from 'int' to 'float', possible loss of data
M:\(34,55): warning C4838: conversion from 'int' to 'float' requires a narrowing conversion
M:\(34,55): warning C4244: 'initializing': conversion from 'int' to 'float', possible loss of data
M:\(52,40): warning C4244: '=': conversion from 'float' to 'int32_t', possible loss of data
M:\(53,40): warning C4244: '=': conversion from 'float' to 'int32_t', possible loss of data
  AileronJoystick.vcxproj -> M:\#MERLIN MACHINEWORKS#\IRIS Dynamics\IrisHAWK\AileronJoystick\x64\Debug\AileronJoystick.exe
